Performing C SOURCE FILE Test CMAKE_HAVE_LIBC_PTHREAD failed with the following output:
Change Dir: /home/andrew/catkin_ws/src/2022-Aerial-Robotics/Practice/class2/build/CMakeFiles/CMakeTmp

Run Build Command(s):/usr/bin/make cmTC_9ff15/fast && /usr/bin/make -f CMakeFiles/cmTC_9ff15.dir/build.make CMakeFiles/cmTC_9ff15.dir/build
make[1]: Entering directory '/home/andrew/catkin_ws/src/2022-Aerial-Robotics/Practice/class2/build/CMakeFiles/CMakeTmp'
Building C object CMakeFiles/cmTC_9ff15.dir/src.c.o
/usr/bin/x86_64-linux-gnu-gcc-8   -DCMAKE_HAVE_LIBC_PTHREAD   -o CMakeFiles/cmTC_9ff15.dir/src.c.o   -c /home/andrew/catkin_ws/src/2022-Aerial-Robotics/Practice/class2/build/CMakeFiles/CMakeTmp/src.c
Linking C executable cmTC_9ff15
/usr/bin/cmake -E cmake_link_script CMakeFiles/cmTC_9ff15.dir/link.txt --verbose=1
/usr/bin/x86_64-linux-gnu-gcc-8  -DCMAKE_HAVE_LIBC_PTHREAD    -rdynamic CMakeFiles/cmTC_9ff15.dir/src.c.o  -o cmTC_9ff15 
/usr/bin/ld: CMakeFiles/cmTC_9ff15.dir/src.c.o: in function `main':
src.c:(.text+0x46): undefined reference to `pthread_create'
/usr/bin/ld: src.c:(.text+0x52): undefined reference to `pthread_detach'
/usr/bin/ld: src.c:(.text+0x63): undefined reference to `pthread_join'
collect2: error: ld returned 1 exit status
make[1]: *** [CMakeFiles/cmTC_9ff15.dir/build.make:87: cmTC_9ff15] Error 1
make[1]: Leaving directory '/home/andrew/catkin_ws/src/2022-Aerial-Robotics/Practice/class2/build/CMakeFiles/CMakeTmp'
make: *** [Makefile:121: cmTC_9ff15/fast] Error 2


Source file was:
#include <pthread.h>

void* test_func(void* data)
{
  return data;
}

int main(void)
{
  pthread_t thread;
  pthread_create(&thread, NULL, test_func, NULL);
  pthread_detach(thread);
  pthread_join(thread, NULL);
  pthread_atfork(NULL, NULL, NULL);
  pthread_exit(NULL);

  return 0;
}

Determining if the function pthread_create exists in the pthreads failed with the following output:
Change Dir: /home/andrew/catkin_ws/src/2022-Aerial-Robotics/Practice/class2/build/CMakeFiles/CMakeTmp

Run Build Command(s):/usr/bin/make cmTC_fc2ec/fast && /usr/bin/make -f CMakeFiles/cmTC_fc2ec.dir/build.make CMakeFiles/cmTC_fc2ec.dir/build
make[1]: Entering directory '/home/andrew/catkin_ws/src/2022-Aerial-Robotics/Practice/class2/build/CMakeFiles/CMakeTmp'
Building C object CMakeFiles/cmTC_fc2ec.dir/CheckFunctionExists.c.o
/usr/bin/x86_64-linux-gnu-gcc-8   -DCHECK_FUNCTION_EXISTS=pthread_create   -o CMakeFiles/cmTC_fc2ec.dir/CheckFunctionExists.c.o   -c /usr/share/cmake-3.16/Modules/CheckFunctionExists.c
Linking C executable cmTC_fc2ec
/usr/bin/cmake -E cmake_link_script CMakeFiles/cmTC_fc2ec.dir/link.txt --verbose=1
/usr/bin/x86_64-linux-gnu-gcc-8  -DCHECK_FUNCTION_EXISTS=pthread_create    -rdynamic CMakeFiles/cmTC_fc2ec.dir/CheckFunctionExists.c.o  -o cmTC_fc2ec  -lpthreads 
/usr/bin/ld: cannot find -lpthreads
collect2: error: ld returned 1 exit status
make[1]: *** [CMakeFiles/cmTC_fc2ec.dir/build.make:87: cmTC_fc2ec] Error 1
make[1]: Leaving directory '/home/andrew/catkin_ws/src/2022-Aerial-Robotics/Practice/class2/build/CMakeFiles/CMakeTmp'
make: *** [Makefile:121: cmTC_fc2ec/fast] Error 2



